E:\1211FUXI\WIN32\WIN32\DEBUG\WINMAIN.OBJ
E:\1211FUXI\WIN32\WIN32\DEBUG\VC110.PDB
E:\1211FUXI\WIN32\DEBUG\WIN32.ILK
E:\1211FUXI\WIN32\DEBUG\WIN32.EXE
E:\1211FUXI\WIN32\DEBUG\WIN32.PDB
E:\1211FUXI\WIN32\WIN32\DEBUG\WIN32.RES
E:\1211fuxi\Win32\Win32\Debug\winmain.obj
E:\1211fuxi\Win32\Win32\Debug\cl.command.1.tlog
E:\1211fuxi\Win32\Win32\Debug\CL.read.1.tlog
E:\1211fuxi\Win32\Win32\Debug\CL.write.1.tlog
E:\1211fuxi\Win32\Win32\Debug\link-cvtres.read.1.tlog
E:\1211fuxi\Win32\Win32\Debug\link-cvtres.write.1.tlog
E:\1211fuxi\Win32\Win32\Debug\link-rc.read.1.tlog
E:\1211fuxi\Win32\Win32\Debug\link-rc.write.1.tlog
E:\1211fuxi\Win32\Win32\Debug\link.command.1.tlog
E:\1211fuxi\Win32\Win32\Debug\link.read.1.tlog
E:\1211fuxi\Win32\Win32\Debug\link.write.1.tlog
E:\1211fuxi\Win32\Win32\Debug\rc.command.1.tlog
E:\1211fuxi\Win32\Win32\Debug\rc.read.1.tlog
E:\1211fuxi\Win32\Win32\Debug\rc.write.1.tlog
E:\1211fuxi\Win32\Win32\Debug\Win32.res
E:\1211fuxi\Win32\Win32\Debug\vc110.idb
E:\1211fuxi\Win32\Win32\Debug\vc110.pdb
E:\1211fuxi\Win32\Debug\Win32.pdb
E:\1211fuxi\Win32\Debug\Win32.exe
E:\1211fuxi\Win32\Debug\Win32.ilk
